<?xml version="1.0" encoding="UTF-8" ?>
<testsuite errors="0" failures="0" hostname="DESKTOP-4K1HDNA" name="alarms.CameraViewTest$CopyViewToLocationTest" skipped="0" tests="8" time="0.163" timestamp="2019-11-09T19:55:48">
  <properties>
[...]
</properties>
  <testcase classname="alarms.CameraViewTest$CopyViewToLocationTest" name="boundaryTest" time="0.016" />
  <testcase classname="alarms.CameraViewTest$CopyViewToLocationTest" name="badData1" time="0.0" />
  <testcase classname="alarms.CameraViewTest$CopyViewToLocationTest" name="badData2" time="0.0" />
  <testcase classname="alarms.CameraViewTest$CopyViewToLocationTest" name="badData3" time="0.0" />
  <testcase classname="alarms.CameraViewTest$CopyViewToLocationTest" name="badData4" time="0.0" />
  <testcase classname="alarms.CameraViewTest$CopyViewToLocationTest" name="badData5" time="0.0" />
  <testcase classname="alarms.CameraViewTest$CopyViewToLocationTest" name="badData6" time="0.0" />
  <testcase classname="alarms.CameraViewTest$CopyViewToLocationTest" name="goodData" time="0.0" />
  <system-out><![CDATA[]]></system-out>
  <system-err><![CDATA[]]></system-err>
</testsuite>
