<?xml version="1.0" encoding="UTF-8" ?>
<testsuites>
  <testsuite errors="0" failures="0" hostname="DESKTOP-4K1HDNA" id="0" name="AlarmSystemTest" package="alarms" skipped="0" tests="12" time="0.392" timestamp="2019-11-09T19:55:47">
      <properties>
[...]
</properties>

      <testcase classname="alarms.AlarmSystemTest" name="multipleFallTest" time="0.05" />

      <testcase classname="alarms.AlarmSystemTest" name="topShiftTest" time="0.002" />

      <testcase classname="alarms.AlarmSystemTest" name="invalidMatrixSizeTest" time="0.009" />

      <testcase classname="alarms.AlarmSystemTest" name="normalTest" time="0.0" />

      <testcase classname="alarms.AlarmSystemTest" name="fallingTest" time="0.01" />

      <testcase classname="alarms.AlarmSystemTest" name="nonSquareTest" time="0.01" />

      <testcase classname="alarms.AlarmSystemTest" name="invalidNegativeDimensionTest" time="0.0" />

      <testcase classname="alarms.AlarmSystemTest" name="airplaneNextToBoxTest" time="0.01" />

      <testcase classname="alarms.AlarmSystemTest" name="invalidMissingDimensionsTest" time="0.0" />

      <testcase classname="alarms.AlarmSystemTest" name="airplaneTest" time="0.01" />

      <testcase classname="alarms.AlarmSystemTest" name="invalidArgumentTest" time="0.0" />

      <testcase classname="alarms.AlarmSystemTest" name="invalidMatricesTest" time="0.0" />

      <system-out><![CDATA[]]></system-out>

      <system-err><![CDATA[]]></system-err>

  </testsuite>
  <testsuite errors="0" failures="0" hostname="DESKTOP-4K1HDNA" id="1" name="CameraViewTest$CopyViewToLocationTest" package="alarms" skipped="0" tests="8" time="0.163" timestamp="2019-11-09T19:55:48">
      <properties>
[...]
</properties>

      <testcase classname="alarms.CameraViewTest$CopyViewToLocationTest" name="boundaryTest" time="0.016" />

      <testcase classname="alarms.CameraViewTest$CopyViewToLocationTest" name="badData1" time="0.0" />

      <testcase classname="alarms.CameraViewTest$CopyViewToLocationTest" name="badData2" time="0.0" />

      <testcase classname="alarms.CameraViewTest$CopyViewToLocationTest" name="badData3" time="0.0" />

      <testcase classname="alarms.CameraViewTest$CopyViewToLocationTest" name="badData4" time="0.0" />

      <testcase classname="alarms.CameraViewTest$CopyViewToLocationTest" name="badData5" time="0.0" />

      <testcase classname="alarms.CameraViewTest$CopyViewToLocationTest" name="badData6" time="0.0" />

      <testcase classname="alarms.CameraViewTest$CopyViewToLocationTest" name="goodData" time="0.0" />

      <system-out><![CDATA[]]></system-out>

      <system-err><![CDATA[]]></system-err>

  </testsuite>
  <testsuite errors="0" failures="0" hostname="DESKTOP-4K1HDNA" id="2" name="CameraViewTest$EmptyContainerTest" package="alarms" skipped="0" tests="6" time="0.26" timestamp="2019-11-09T19:55:49">
      <properties>
[...]
</properties>

      <testcase classname="alarms.CameraViewTest$EmptyContainerTest" name="boundaryTest" time="0.01" />

      <testcase classname="alarms.CameraViewTest$EmptyContainerTest" name="badData1" time="0.0" />

      <testcase classname="alarms.CameraViewTest$EmptyContainerTest" name="badData2" time="0.0" />

      <testcase classname="alarms.CameraViewTest$EmptyContainerTest" name="badData3" time="0.0" />

      <testcase classname="alarms.CameraViewTest$EmptyContainerTest" name="badData4" time="0.0" />

      <testcase classname="alarms.CameraViewTest$EmptyContainerTest" name="goodData" time="0.0" />

      <system-out><![CDATA[]]></system-out>

      <system-err><![CDATA[]]></system-err>

  </testsuite>
  <testsuite errors="0" failures="0" hostname="DESKTOP-4K1HDNA" id="3" name="CameraViewTest$EqualsObjectTest" package="alarms" skipped="0" tests="5" time="0.16" timestamp="2019-11-09T19:55:50">
      <properties>
[...]
</properties>

      <testcase classname="alarms.CameraViewTest$EqualsObjectTest" name="branchCoverage1" time="0.0" />

      <testcase classname="alarms.CameraViewTest$EqualsObjectTest" name="branchCoverage2" time="0.0" />

      <testcase classname="alarms.CameraViewTest$EqualsObjectTest" name="badData1" time="0.0" />

      <testcase classname="alarms.CameraViewTest$EqualsObjectTest" name="badData2" time="0.0" />

      <testcase classname="alarms.CameraViewTest$EqualsObjectTest" name="goodData" time="0.0" />

      <system-out><![CDATA[]]></system-out>

      <system-err><![CDATA[]]></system-err>

  </testsuite>
  <testsuite errors="0" failures="0" hostname="DESKTOP-4K1HDNA" id="4" name="CameraViewTest$OfTest" package="alarms" skipped="0" tests="3" time="0.154" timestamp="2019-11-09T19:55:51">
      <properties>
[...]
</properties>

      <testcase classname="alarms.CameraViewTest$OfTest" name="badData1" time="0.0" />

      <testcase classname="alarms.CameraViewTest$OfTest" name="badData2" time="0.0" />

      <testcase classname="alarms.CameraViewTest$OfTest" name="goodData" time="0.0" />

      <system-out><![CDATA[]]></system-out>

      <system-err><![CDATA[]]></system-err>

  </testsuite>
  <testsuite errors="0" failures="0" hostname="DESKTOP-4K1HDNA" id="5" name="CameraViewTest$PossibleShiftedViewsTest" package="alarms" skipped="0" tests="3" time="0.201" timestamp="2019-11-09T19:55:52">
      <properties>
[...]
</properties>

      <testcase classname="alarms.CameraViewTest$PossibleShiftedViewsTest" name="badData" time="0.0" />

      <testcase classname="alarms.CameraViewTest$PossibleShiftedViewsTest" name="boundaryTest" time="0.002" />

      <testcase classname="alarms.CameraViewTest$PossibleShiftedViewsTest" name="goodData" time="0.0" />

      <system-out><![CDATA[]]></system-out>

      <system-err><![CDATA[]]></system-err>

  </testsuite>
  <testsuite errors="0" failures="0" hostname="DESKTOP-4K1HDNA" id="6" name="CameraViewTest$TrimmedViewTest" package="alarms" skipped="0" tests="12" time="0.205" timestamp="2019-11-09T19:55:53">
      <properties>
[...]
</properties>

      <testcase classname="alarms.CameraViewTest$TrimmedViewTest" name="boundaryTest1" time="0.01" />

      <testcase classname="alarms.CameraViewTest$TrimmedViewTest" name="boundaryTest2" time="0.0" />

      <testcase classname="alarms.CameraViewTest$TrimmedViewTest" name="badData1" time="0.0" />

      <testcase classname="alarms.CameraViewTest$TrimmedViewTest" name="badData2" time="0.0" />

      <testcase classname="alarms.CameraViewTest$TrimmedViewTest" name="badData3" time="0.0" />

      <testcase classname="alarms.CameraViewTest$TrimmedViewTest" name="badData4" time="0.0" />

      <testcase classname="alarms.CameraViewTest$TrimmedViewTest" name="badData5" time="0.0" />

      <testcase classname="alarms.CameraViewTest$TrimmedViewTest" name="badData6" time="0.0" />

      <testcase classname="alarms.CameraViewTest$TrimmedViewTest" name="badData7" time="0.0" />

      <testcase classname="alarms.CameraViewTest$TrimmedViewTest" name="badData8" time="0.0" />

      <testcase classname="alarms.CameraViewTest$TrimmedViewTest" name="badData9" time="0.0" />

      <testcase classname="alarms.CameraViewTest$TrimmedViewTest" name="goodData" time="0.0" />

      <system-out><![CDATA[]]></system-out>

      <system-err><![CDATA[]]></system-err>

  </testsuite>
  <testsuite errors="0" failures="0" hostname="DESKTOP-4K1HDNA" id="7" name="CameraViewTest" package="alarms" skipped="0" tests="37" time="0.246" timestamp="2019-11-09T19:55:54">
      <properties>
[...]
</properties>

      <testcase classname="alarms.CameraViewTest$TrimmedViewTest" name="boundaryTest1" time="0.0" />

      <testcase classname="alarms.CameraViewTest$TrimmedViewTest" name="boundaryTest2" time="0.0" />

      <testcase classname="alarms.CameraViewTest$TrimmedViewTest" name="badData1" time="0.0" />

      <testcase classname="alarms.CameraViewTest$TrimmedViewTest" name="badData2" time="0.0" />

      <testcase classname="alarms.CameraViewTest$TrimmedViewTest" name="badData3" time="0.0" />

      <testcase classname="alarms.CameraViewTest$TrimmedViewTest" name="badData4" time="0.0" />

      <testcase classname="alarms.CameraViewTest$TrimmedViewTest" name="badData5" time="0.0" />

      <testcase classname="alarms.CameraViewTest$TrimmedViewTest" name="badData6" time="0.0" />

      <testcase classname="alarms.CameraViewTest$TrimmedViewTest" name="badData7" time="0.0" />

      <testcase classname="alarms.CameraViewTest$TrimmedViewTest" name="badData8" time="0.0" />

      <testcase classname="alarms.CameraViewTest$TrimmedViewTest" name="badData9" time="0.0" />

      <testcase classname="alarms.CameraViewTest$TrimmedViewTest" name="goodData" time="0.0" />

      <testcase classname="alarms.CameraViewTest$CopyViewToLocationTest" name="boundaryTest" time="0.0" />

      <testcase classname="alarms.CameraViewTest$CopyViewToLocationTest" name="badData1" time="0.0" />

      <testcase classname="alarms.CameraViewTest$CopyViewToLocationTest" name="badData2" time="0.0" />

      <testcase classname="alarms.CameraViewTest$CopyViewToLocationTest" name="badData3" time="0.0" />

      <testcase classname="alarms.CameraViewTest$CopyViewToLocationTest" name="badData4" time="0.0" />

      <testcase classname="alarms.CameraViewTest$CopyViewToLocationTest" name="badData5" time="0.008" />

      <testcase classname="alarms.CameraViewTest$CopyViewToLocationTest" name="badData6" time="0.0" />

      <testcase classname="alarms.CameraViewTest$CopyViewToLocationTest" name="goodData" time="0.0" />

      <testcase classname="alarms.CameraViewTest$EmptyContainerTest" name="boundaryTest" time="0.0" />

      <testcase classname="alarms.CameraViewTest$EmptyContainerTest" name="badData1" time="0.0" />

      <testcase classname="alarms.CameraViewTest$EmptyContainerTest" name="badData2" time="0.0" />

      <testcase classname="alarms.CameraViewTest$EmptyContainerTest" name="badData3" time="0.0" />

      <testcase classname="alarms.CameraViewTest$EmptyContainerTest" name="badData4" time="0.0" />

      <testcase classname="alarms.CameraViewTest$EmptyContainerTest" name="goodData" time="0.0" />

      <testcase classname="alarms.CameraViewTest$EqualsObjectTest" name="branchCoverage1" time="0.0" />

      <testcase classname="alarms.CameraViewTest$EqualsObjectTest" name="branchCoverage2" time="0.0" />

      <testcase classname="alarms.CameraViewTest$EqualsObjectTest" name="badData1" time="0.0" />

      <testcase classname="alarms.CameraViewTest$EqualsObjectTest" name="badData2" time="0.0" />

      <testcase classname="alarms.CameraViewTest$EqualsObjectTest" name="goodData" time="0.0" />

      <testcase classname="alarms.CameraViewTest$PossibleShiftedViewsTest" name="badData" time="0.0" />

      <testcase classname="alarms.CameraViewTest$PossibleShiftedViewsTest" name="boundaryTest" time="0.0" />

      <testcase classname="alarms.CameraViewTest$PossibleShiftedViewsTest" name="goodData" time="0.0" />

      <testcase classname="alarms.CameraViewTest$OfTest" name="badData1" time="0.0" />

      <testcase classname="alarms.CameraViewTest$OfTest" name="badData2" time="0.0" />

      <testcase classname="alarms.CameraViewTest$OfTest" name="goodData" time="0.0" />

      <system-out><![CDATA[]]></system-out>

      <system-err><![CDATA[]]></system-err>

  </testsuite>
</testsuites>
